[2024-04-29 22:34:59Z INFO HostContext] No proxy settings were found based on environmental variables (http_proxy/https_proxy/HTTP_PROXY/HTTPS_PROXY)
[2024-04-29 22:34:59Z INFO HostContext] Well known directory 'Bin': 'C:\Users\imhao\IdeaProjects\WellBeing\actions-runner\bin'
[2024-04-29 22:34:59Z INFO HostContext] Well known directory 'Root': 'C:\Users\imhao\IdeaProjects\WellBeing\actions-runner'
[2024-04-29 22:34:59Z INFO HostContext] Well known config file 'Credentials': 'C:\Users\imhao\IdeaProjects\WellBeing\actions-runner\.credentials'
[2024-04-29 22:34:59Z INFO HostContext] Well known directory 'Bin': 'C:\Users\imhao\IdeaProjects\WellBeing\actions-runner\bin'
[2024-04-29 22:34:59Z INFO HostContext] Well known directory 'Root': 'C:\Users\imhao\IdeaProjects\WellBeing\actions-runner'
[2024-04-29 22:34:59Z INFO HostContext] Well known config file 'Runner': 'C:\Users\imhao\IdeaProjects\WellBeing\actions-runner\.runner'
[2024-04-29 22:34:59Z INFO Listener] Runner is built for Windows (X64) - win-x64.
[2024-04-29 22:34:59Z INFO Listener] RuntimeInformation: Microsoft Windows 10.0.22631.
[2024-04-29 22:34:59Z INFO Listener] Version: 2.316.0
[2024-04-29 22:34:59Z INFO Listener] Commit: 14cea13ab5e7a5f385d805bf8a9034947d25f1b6
[2024-04-29 22:34:59Z INFO Listener] Culture: en-AU
[2024-04-29 22:34:59Z INFO Listener] UI Culture: en-GB
[2024-04-29 22:34:59Z INFO HostContext] Well known directory 'Bin': 'C:\Users\imhao\IdeaProjects\WellBeing\actions-runner\bin'
[2024-04-29 22:34:59Z INFO HostContext] Well known directory 'Root': 'C:\Users\imhao\IdeaProjects\WellBeing\actions-runner'
[2024-04-29 22:34:59Z INFO Listener] Validating directory permissions for: 'C:\Users\imhao\IdeaProjects\WellBeing\actions-runner'
[2024-04-29 22:34:59Z INFO CommandLineParser] Parse
[2024-04-29 22:34:59Z INFO CommandLineParser] Parsing 1 args
[2024-04-29 22:34:59Z INFO CommandLineParser] parsing argument
[2024-04-29 22:34:59Z INFO CommandLineParser] HasArgs: False
[2024-04-29 22:34:59Z INFO CommandLineParser] Adding Command: run
[2024-04-29 22:34:59Z INFO Listener] Arguments parsed
[2024-04-29 22:34:59Z INFO Runner] ExecuteCommand
[2024-04-29 22:34:59Z INFO ConfigurationStore] currentAssemblyLocation: C:\Users\imhao\IdeaProjects\WellBeing\actions-runner\bin\Runner.Listener.dll
[2024-04-29 22:34:59Z INFO HostContext] Well known directory 'Bin': 'C:\Users\imhao\IdeaProjects\WellBeing\actions-runner\bin'
[2024-04-29 22:34:59Z INFO ConfigurationStore] binPath: C:\Users\imhao\IdeaProjects\WellBeing\actions-runner\bin
[2024-04-29 22:34:59Z INFO HostContext] Well known directory 'Bin': 'C:\Users\imhao\IdeaProjects\WellBeing\actions-runner\bin'
[2024-04-29 22:34:59Z INFO HostContext] Well known directory 'Root': 'C:\Users\imhao\IdeaProjects\WellBeing\actions-runner'
[2024-04-29 22:34:59Z INFO ConfigurationStore] RootFolder: C:\Users\imhao\IdeaProjects\WellBeing\actions-runner
[2024-04-29 22:34:59Z INFO HostContext] Well known directory 'Bin': 'C:\Users\imhao\IdeaProjects\WellBeing\actions-runner\bin'
[2024-04-29 22:34:59Z INFO HostContext] Well known directory 'Root': 'C:\Users\imhao\IdeaProjects\WellBeing\actions-runner'
[2024-04-29 22:34:59Z INFO HostContext] Well known config file 'Runner': 'C:\Users\imhao\IdeaProjects\WellBeing\actions-runner\.runner'
[2024-04-29 22:34:59Z INFO ConfigurationStore] ConfigFilePath: C:\Users\imhao\IdeaProjects\WellBeing\actions-runner\.runner
[2024-04-29 22:34:59Z INFO HostContext] Well known directory 'Bin': 'C:\Users\imhao\IdeaProjects\WellBeing\actions-runner\bin'
[2024-04-29 22:34:59Z INFO HostContext] Well known directory 'Root': 'C:\Users\imhao\IdeaProjects\WellBeing\actions-runner'
[2024-04-29 22:34:59Z INFO HostContext] Well known config file 'Credentials': 'C:\Users\imhao\IdeaProjects\WellBeing\actions-runner\.credentials'
[2024-04-29 22:34:59Z INFO ConfigurationStore] CredFilePath: C:\Users\imhao\IdeaProjects\WellBeing\actions-runner\.credentials
[2024-04-29 22:34:59Z INFO HostContext] Well known directory 'Bin': 'C:\Users\imhao\IdeaProjects\WellBeing\actions-runner\bin'
[2024-04-29 22:34:59Z INFO HostContext] Well known directory 'Root': 'C:\Users\imhao\IdeaProjects\WellBeing\actions-runner'
[2024-04-29 22:34:59Z INFO HostContext] Well known config file 'MigratedCredentials': 'C:\Users\imhao\IdeaProjects\WellBeing\actions-runner\.credentials_migrated'
[2024-04-29 22:34:59Z INFO ConfigurationStore] MigratedCredFilePath: C:\Users\imhao\IdeaProjects\WellBeing\actions-runner\.credentials_migrated
[2024-04-29 22:34:59Z INFO HostContext] Well known directory 'Bin': 'C:\Users\imhao\IdeaProjects\WellBeing\actions-runner\bin'
[2024-04-29 22:34:59Z INFO HostContext] Well known directory 'Root': 'C:\Users\imhao\IdeaProjects\WellBeing\actions-runner'
[2024-04-29 22:34:59Z INFO HostContext] Well known config file 'Service': 'C:\Users\imhao\IdeaProjects\WellBeing\actions-runner\.service'
[2024-04-29 22:34:59Z INFO ConfigurationStore] ServiceConfigFilePath: C:\Users\imhao\IdeaProjects\WellBeing\actions-runner\.service
[2024-04-29 22:34:59Z INFO CommandSettings] Flag 'help': 'False'
[2024-04-29 22:34:59Z INFO CommandSettings] Flag 'version': 'False'
[2024-04-29 22:34:59Z INFO CommandSettings] Flag 'commit': 'False'
[2024-04-29 22:34:59Z INFO CommandSettings] Flag 'check': 'False'
[2024-04-29 22:34:59Z INFO CommandSettings] Command 'configure': 'False'
[2024-04-29 22:34:59Z INFO CommandSettings] Command 'remove': 'False'
[2024-04-29 22:34:59Z INFO CommandSettings] Command 'warmup': 'False'
[2024-04-29 22:34:59Z INFO ConfigurationManager] LoadSettings
[2024-04-29 22:34:59Z INFO ConfigurationStore] IsConfigured()
[2024-04-29 22:34:59Z INFO ConfigurationStore] IsConfigured: False
[2024-04-29 22:34:59Z INFO ConfigurationManager] Is configured: False
[2024-04-29 22:34:59Z ERR  Terminal] WRITE ERROR: An error occurred: Not configured. Run config.(sh/cmd) to configure the runner.
[2024-04-29 22:34:59Z ERR  Listener] GitHub.Runner.Common.NonRetryableException: Not configured. Run config.(sh/cmd) to configure the runner.
   at GitHub.Runner.Listener.Configuration.ConfigurationManager.LoadSettings()
   at GitHub.Runner.Listener.Runner.ExecuteCommand(CommandSettings command)
   at GitHub.Runner.Listener.Program.MainAsync(IHostContext context, String[] args)
